2023-06-23 14:17:27 info: =================================
2023-06-23 14:17:27 info: ======= ENV: production =======
2023-06-23 14:17:27 info: 🚀 App listening on the port 5000
2023-06-23 14:17:27 info: =================================
2023-06-23 14:17:45 info: =================================
2023-06-23 14:17:45 info: ======= ENV: production =======
2023-06-23 14:17:45 info: 🚀 App listening on the port 5000
2023-06-23 14:17:45 info: =================================
2023-06-23 14:17:47 info: =================================
2023-06-23 14:17:47 info: ======= ENV: production =======
2023-06-23 14:17:47 info: 🚀 App listening on the port 5000
2023-06-23 14:17:47 info: =================================
2023-06-23 14:18:09 info: =================================
2023-06-23 14:18:09 info: ======= ENV: production =======
2023-06-23 14:18:09 info: 🚀 App listening on the port 5000
2023-06-23 14:18:09 info: =================================
2023-06-23 14:18:15 info: [0mPUT /api/v1/ [33m404[0m 19.306 ms - 146[0m
2023-06-23 14:18:21 info: [0mPUT /api/v1/createtodo [33m404[0m 1.529 ms - 156[0m
2023-06-23 14:18:27 error: [POST] /api/v1/createtodo >> StatusCode:: 400, Message:: an unknown value was passed to the validate function
2023-06-23 14:18:27 info: [0mPOST /api/v1/createtodo [33m400[0m 7.907 ms - 66[0m
2023-06-23 14:18:58 info: =================================
2023-06-23 14:18:58 info: ======= ENV: production =======
2023-06-23 14:18:58 info: 🚀 App listening on the port 5000
2023-06-23 14:18:58 info: =================================
2023-06-23 14:19:22 error: [POST] /api/v1/createtodo >> StatusCode:: 400, Message:: an unknown value was passed to the validate function
2023-06-23 14:19:22 info: [0mPOST /api/v1/createtodo [33m400[0m 22.109 ms - 66[0m
2023-06-23 14:19:36 info: =================================
2023-06-23 14:19:36 info: ======= ENV: production =======
2023-06-23 14:19:36 info: 🚀 App listening on the port 5000
2023-06-23 14:19:36 info: =================================
2023-06-23 14:21:32 info: =================================
2023-06-23 14:21:32 info: ======= ENV: production =======
2023-06-23 14:21:32 info: 🚀 App listening on the port 5000
2023-06-23 14:21:32 info: =================================
2023-06-23 14:21:35 info: =================================
2023-06-23 14:21:35 info: ======= ENV: production =======
2023-06-23 14:21:35 info: 🚀 App listening on the port 5000
2023-06-23 14:21:35 info: =================================
2023-06-23 14:22:13 info: =================================
2023-06-23 14:22:13 info: ======= ENV: production =======
2023-06-23 14:22:13 info: 🚀 App listening on the port 5000
2023-06-23 14:22:13 info: =================================
2023-06-23 14:22:22 info: =================================
2023-06-23 14:22:22 info: ======= ENV: production =======
2023-06-23 14:22:22 info: 🚀 App listening on the port 5000
2023-06-23 14:22:22 info: =================================
2023-06-23 14:22:25 info: =================================
2023-06-23 14:22:25 info: ======= ENV: production =======
2023-06-23 14:22:25 info: 🚀 App listening on the port 5000
2023-06-23 14:22:25 info: =================================
2023-06-23 14:22:28 info: =================================
2023-06-23 14:22:28 info: ======= ENV: production =======
2023-06-23 14:22:28 info: 🚀 App listening on the port 5000
2023-06-23 14:22:28 info: =================================
2023-06-23 14:22:34 info: =================================
2023-06-23 14:22:34 info: ======= ENV: production =======
2023-06-23 14:22:34 info: 🚀 App listening on the port 5000
2023-06-23 14:22:34 info: =================================
2023-06-23 14:22:36 info: =================================
2023-06-23 14:22:36 info: ======= ENV: production =======
2023-06-23 14:22:36 info: 🚀 App listening on the port 5000
2023-06-23 14:22:36 info: =================================
2023-06-23 14:22:38 info: =================================
2023-06-23 14:22:38 info: ======= ENV: production =======
2023-06-23 14:22:38 info: 🚀 App listening on the port 5000
2023-06-23 14:22:38 info: =================================
2023-06-23 14:22:55 info: =================================
2023-06-23 14:22:55 info: ======= ENV: production =======
2023-06-23 14:22:55 info: 🚀 App listening on the port 5000
2023-06-23 14:22:55 info: =================================
2023-06-23 14:26:26 info: =================================
2023-06-23 14:26:26 info: ======= ENV: production =======
2023-06-23 14:26:26 info: 🚀 App listening on the port 5000
2023-06-23 14:26:26 info: =================================
2023-06-23 14:26:28 info: =================================
2023-06-23 14:26:28 info: ======= ENV: production =======
2023-06-23 14:26:28 info: 🚀 App listening on the port 5000
2023-06-23 14:26:28 info: =================================
2023-06-23 14:26:33 info: =================================
2023-06-23 14:26:33 info: ======= ENV: production =======
2023-06-23 14:26:33 info: 🚀 App listening on the port 5000
2023-06-23 14:26:33 info: =================================
2023-06-23 14:26:36 info: =================================
2023-06-23 14:26:36 info: ======= ENV: production =======
2023-06-23 14:26:36 info: 🚀 App listening on the port 5000
2023-06-23 14:26:36 info: =================================
2023-06-23 14:26:39 info: =================================
2023-06-23 14:26:39 info: ======= ENV: production =======
2023-06-23 14:26:39 info: 🚀 App listening on the port 5000
2023-06-23 14:26:39 info: =================================
2023-06-23 14:26:42 info: =================================
2023-06-23 14:26:42 info: ======= ENV: production =======
2023-06-23 14:26:42 info: 🚀 App listening on the port 5000
2023-06-23 14:26:42 info: =================================
2023-06-23 14:26:48 info: =================================
2023-06-23 14:26:48 info: ======= ENV: production =======
2023-06-23 14:26:48 info: 🚀 App listening on the port 5000
2023-06-23 14:26:48 info: =================================
2023-06-23 14:26:54 info: =================================
2023-06-23 14:26:54 info: ======= ENV: production =======
2023-06-23 14:26:54 info: 🚀 App listening on the port 5000
2023-06-23 14:26:54 info: =================================
2023-06-23 14:27:13 info: [0mGET /api/v1/ [0m-[0m - ms - -[0m
2023-06-23 14:27:21 info: =================================
2023-06-23 14:27:21 info: ======= ENV: production =======
2023-06-23 14:27:21 info: 🚀 App listening on the port 5000
2023-06-23 14:27:21 info: =================================
2023-06-23 14:27:56 info: =================================
2023-06-23 14:27:56 info: ======= ENV: production =======
2023-06-23 14:27:56 info: 🚀 App listening on the port 5000
2023-06-23 14:27:56 info: =================================
2023-06-23 14:28:06 info: =================================
2023-06-23 14:28:06 info: ======= ENV: production =======
2023-06-23 14:28:06 info: 🚀 App listening on the port 5000
2023-06-23 14:28:06 info: =================================
2023-06-23 14:28:08 info: =================================
2023-06-23 14:28:08 info: ======= ENV: production =======
2023-06-23 14:28:08 info: 🚀 App listening on the port 5000
2023-06-23 14:28:08 info: =================================
2023-06-23 14:28:17 info: =================================
2023-06-23 14:28:17 info: ======= ENV: production =======
2023-06-23 14:28:17 info: 🚀 App listening on the port 5000
2023-06-23 14:28:17 info: =================================
2023-06-23 14:28:25 info: =================================
2023-06-23 14:28:25 info: ======= ENV: production =======
2023-06-23 14:28:25 info: 🚀 App listening on the port 5000
2023-06-23 14:28:25 info: =================================
2023-06-23 14:28:34 info: =================================
2023-06-23 14:28:34 info: ======= ENV: production =======
2023-06-23 14:28:34 info: 🚀 App listening on the port 5000
2023-06-23 14:28:34 info: =================================
2023-06-23 14:29:50 info: =================================
2023-06-23 14:29:50 info: ======= ENV: production =======
2023-06-23 14:29:50 info: 🚀 App listening on the port 5000
2023-06-23 14:29:50 info: =================================
2023-06-23 14:30:03 info: =================================
2023-06-23 14:30:03 info: ======= ENV: production =======
2023-06-23 14:30:03 info: 🚀 App listening on the port 5000
2023-06-23 14:30:03 info: =================================
2023-06-23 14:30:14 error: [GET] /api/v1/ >> StatusCode:: 500, Message:: Cannot read properties of undefined (reading 'constructor')
2023-06-23 14:30:14 info: [0mGET /api/v1/ [31m500[0m 29.467 ms - 73[0m
2023-06-23 14:30:38 info: =================================
2023-06-23 14:30:38 info: ======= ENV: production =======
2023-06-23 14:30:38 info: 🚀 App listening on the port 5000
2023-06-23 14:30:38 info: =================================
2023-06-23 14:30:46 info: =================================
2023-06-23 14:30:46 info: ======= ENV: production =======
2023-06-23 14:30:46 info: 🚀 App listening on the port 5000
2023-06-23 14:30:46 info: =================================
2023-06-23 14:32:02 info: =================================
2023-06-23 14:32:02 info: ======= ENV: production =======
2023-06-23 14:32:02 info: 🚀 App listening on the port 5000
2023-06-23 14:32:02 info: =================================
2023-06-23 14:32:04 info: =================================
2023-06-23 14:32:04 info: ======= ENV: production =======
2023-06-23 14:32:04 info: 🚀 App listening on the port 5000
2023-06-23 14:32:04 info: =================================
2023-06-23 14:32:05 info: =================================
2023-06-23 14:32:05 info: ======= ENV: production =======
2023-06-23 14:32:05 info: 🚀 App listening on the port 5000
2023-06-23 14:32:05 info: =================================
2023-06-23 14:32:41 info: [0mGET /api/v1 [0m-[0m - ms - -[0m
2023-06-23 14:33:04 info: =================================
2023-06-23 14:33:04 info: ======= ENV: production =======
2023-06-23 14:33:04 info: 🚀 App listening on the port 5000
2023-06-23 14:33:04 info: =================================
2023-06-23 14:33:59 info: =================================
2023-06-23 14:33:59 info: ======= ENV: production =======
2023-06-23 14:33:59 info: 🚀 App listening on the port 5000
2023-06-23 14:33:59 info: =================================
2023-06-23 14:34:02 info: =================================
2023-06-23 14:34:02 info: ======= ENV: production =======
2023-06-23 14:34:02 info: 🚀 App listening on the port 5000
2023-06-23 14:34:02 info: =================================
2023-06-23 14:34:19 info: [0mGET /api/v1/any [0m-[0m - ms - -[0m
2023-06-23 14:34:56 info: =================================
2023-06-23 14:34:56 info: ======= ENV: production =======
2023-06-23 14:34:56 info: 🚀 App listening on the port 5000
2023-06-23 14:34:56 info: =================================
2023-06-23 14:35:01 info: =================================
2023-06-23 14:35:01 info: ======= ENV: production =======
2023-06-23 14:35:01 info: 🚀 App listening on the port 5000
2023-06-23 14:35:01 info: =================================
2023-06-23 14:35:06 info: =================================
2023-06-23 14:35:06 info: ======= ENV: production =======
2023-06-23 14:35:06 info: 🚀 App listening on the port 5000
2023-06-23 14:35:06 info: =================================
2023-06-23 14:35:36 info: =================================
2023-06-23 14:35:36 info: ======= ENV: production =======
2023-06-23 14:35:36 info: 🚀 App listening on the port 5000
2023-06-23 14:35:36 info: =================================
2023-06-23 14:37:41 info: =================================
2023-06-23 14:37:41 info: ======= ENV: production =======
2023-06-23 14:37:41 info: 🚀 App listening on the port 5000
2023-06-23 14:37:41 info: =================================
2023-06-23 14:37:43 info: =================================
2023-06-23 14:37:43 info: ======= ENV: production =======
2023-06-23 14:37:43 info: 🚀 App listening on the port 5000
2023-06-23 14:37:43 info: =================================
2023-06-23 14:37:47 info: =================================
2023-06-23 14:37:47 info: ======= ENV: production =======
2023-06-23 14:37:47 info: 🚀 App listening on the port 5000
2023-06-23 14:37:47 info: =================================
2023-06-23 14:37:50 info: =================================
2023-06-23 14:37:50 info: ======= ENV: production =======
2023-06-23 14:37:50 info: 🚀 App listening on the port 5000
2023-06-23 14:37:50 info: =================================
2023-06-23 14:38:31 info: =================================
2023-06-23 14:38:31 info: ======= ENV: production =======
2023-06-23 14:38:31 info: 🚀 App listening on the port 5000
2023-06-23 14:38:31 info: =================================
2023-06-23 14:38:34 info: =================================
2023-06-23 14:38:34 info: ======= ENV: production =======
2023-06-23 14:38:34 info: 🚀 App listening on the port 5000
2023-06-23 14:38:34 info: =================================
2023-06-23 14:38:52 info: =================================
2023-06-23 14:38:52 info: ======= ENV: production =======
2023-06-23 14:38:52 info: 🚀 App listening on the port 5000
2023-06-23 14:38:52 info: =================================
2023-06-23 14:38:54 info: =================================
2023-06-23 14:38:54 info: ======= ENV: production =======
2023-06-23 14:38:54 info: 🚀 App listening on the port 5000
2023-06-23 14:38:54 info: =================================
2023-06-23 14:39:11 info: =================================
2023-06-23 14:39:11 info: ======= ENV: production =======
2023-06-23 14:39:11 info: 🚀 App listening on the port 5000
2023-06-23 14:39:11 info: =================================
2023-06-23 14:39:14 info: =================================
2023-06-23 14:39:14 info: ======= ENV: production =======
2023-06-23 14:39:14 info: 🚀 App listening on the port 5000
2023-06-23 14:39:14 info: =================================
2023-06-23 14:39:59 info: =================================
2023-06-23 14:39:59 info: ======= ENV: production =======
2023-06-23 14:39:59 info: 🚀 App listening on the port 5000
2023-06-23 14:39:59 info: =================================
2023-06-23 14:40:02 info: =================================
2023-06-23 14:40:02 info: ======= ENV: production =======
2023-06-23 14:40:02 info: 🚀 App listening on the port 5000
2023-06-23 14:40:02 info: =================================
2023-06-23 14:40:31 info: =================================
2023-06-23 14:40:31 info: ======= ENV: production =======
2023-06-23 14:40:31 info: 🚀 App listening on the port 5000
2023-06-23 14:40:31 info: =================================
2023-06-23 14:40:33 info: =================================
2023-06-23 14:40:33 info: ======= ENV: production =======
2023-06-23 14:40:33 info: 🚀 App listening on the port 5000
2023-06-23 14:40:33 info: =================================
2023-06-23 14:40:35 info: =================================
2023-06-23 14:40:35 info: ======= ENV: production =======
2023-06-23 14:40:35 info: 🚀 App listening on the port 5000
2023-06-23 14:40:35 info: =================================
2023-06-23 14:40:42 info: [0mPOST /api/v1/createtodo [0m-[0m - ms - -[0m
2023-06-23 14:41:18 info: =================================
2023-06-23 14:41:18 info: ======= ENV: production =======
2023-06-23 14:41:18 info: 🚀 App listening on the port 5000
2023-06-23 14:41:18 info: =================================
2023-06-23 14:41:30 info: =================================
2023-06-23 14:41:30 info: ======= ENV: production =======
2023-06-23 14:41:30 info: 🚀 App listening on the port 5000
2023-06-23 14:41:30 info: =================================
2023-06-23 14:41:33 info: =================================
2023-06-23 14:41:33 info: ======= ENV: production =======
2023-06-23 14:41:33 info: 🚀 App listening on the port 5000
2023-06-23 14:41:33 info: =================================
2023-06-23 14:43:22 info: =================================
2023-06-23 14:43:22 info: ======= ENV: production =======
2023-06-23 14:43:22 info: 🚀 App listening on the port 5000
2023-06-23 14:43:22 info: =================================
2023-06-23 14:43:27 info: =================================
2023-06-23 14:43:27 info: ======= ENV: production =======
2023-06-23 14:43:27 info: 🚀 App listening on the port 5000
2023-06-23 14:43:27 info: =================================
2023-06-23 14:43:29 info: =================================
2023-06-23 14:43:29 info: ======= ENV: production =======
2023-06-23 14:43:29 info: 🚀 App listening on the port 5000
2023-06-23 14:43:29 info: =================================
2023-06-23 14:43:35 info: =================================
2023-06-23 14:43:35 info: ======= ENV: production =======
2023-06-23 14:43:35 info: 🚀 App listening on the port 5000
2023-06-23 14:43:35 info: =================================
2023-06-23 14:44:43 info: =================================
2023-06-23 14:44:43 info: ======= ENV: production =======
2023-06-23 14:44:43 info: 🚀 App listening on the port 5000
2023-06-23 14:44:43 info: =================================
2023-06-23 14:44:50 info: =================================
2023-06-23 14:44:50 info: ======= ENV: production =======
2023-06-23 14:44:50 info: 🚀 App listening on the port 5000
2023-06-23 14:44:50 info: =================================
2023-06-23 14:46:33 info: =================================
2023-06-23 14:46:33 info: ======= ENV: production =======
2023-06-23 14:46:33 info: 🚀 App listening on the port 5000
2023-06-23 14:46:33 info: =================================
2023-06-23 14:46:50 info: =================================
2023-06-23 14:46:50 info: ======= ENV: production =======
2023-06-23 14:46:50 info: 🚀 App listening on the port 5000
2023-06-23 14:46:50 info: =================================
2023-06-23 14:47:13 info: =================================
2023-06-23 14:47:13 info: ======= ENV: production =======
2023-06-23 14:47:13 info: 🚀 App listening on the port 5000
2023-06-23 14:47:13 info: =================================
2023-06-23 14:47:23 info: [0mPOST /api/v1/createtodo [0m-[0m - ms - -[0m
2023-06-23 14:47:46 info: =================================
2023-06-23 14:47:46 info: ======= ENV: production =======
2023-06-23 14:47:46 info: 🚀 App listening on the port 5000
2023-06-23 14:47:46 info: =================================
2023-06-23 14:50:23 info: =================================
2023-06-23 14:50:23 info: ======= ENV: production =======
2023-06-23 14:50:23 info: 🚀 App listening on the port 5000
2023-06-23 14:50:23 info: =================================
2023-06-23 14:50:53 info: =================================
2023-06-23 14:50:53 info: ======= ENV: production =======
2023-06-23 14:50:53 info: 🚀 App listening on the port 5000
2023-06-23 14:50:53 info: =================================
2023-06-23 15:00:33 info: =================================
2023-06-23 15:00:33 info: ======= ENV: production =======
2023-06-23 15:00:33 info: 🚀 App listening on the port 5000
2023-06-23 15:00:33 info: =================================
2023-06-23 15:07:55 info: =================================
2023-06-23 15:07:55 info: ======= ENV: production =======
2023-06-23 15:07:55 info: 🚀 App listening on the port 5000
2023-06-23 15:07:55 info: =================================
2023-06-23 15:08:00 info: =================================
2023-06-23 15:08:00 info: ======= ENV: production =======
2023-06-23 15:08:00 info: 🚀 App listening on the port 5000
2023-06-23 15:08:00 info: =================================
2023-06-23 15:09:05 info: =================================
2023-06-23 15:09:05 info: ======= ENV: production =======
2023-06-23 15:09:05 info: 🚀 App listening on the port 5000
2023-06-23 15:09:05 info: =================================
2023-06-23 15:09:51 info: =================================
2023-06-23 15:09:51 info: ======= ENV: production =======
2023-06-23 15:09:51 info: 🚀 App listening on the port 5000
2023-06-23 15:09:51 info: =================================
2023-06-23 15:09:55 info: =================================
2023-06-23 15:09:55 info: ======= ENV: production =======
2023-06-23 15:09:55 info: 🚀 App listening on the port 5000
2023-06-23 15:09:55 info: =================================
2023-06-23 15:13:49 info: =================================
2023-06-23 15:13:49 info: ======= ENV: production =======
2023-06-23 15:13:49 info: 🚀 App listening on the port 5000
2023-06-23 15:13:49 info: =================================
2023-06-23 15:20:29 info: =================================
2023-06-23 15:20:29 info: ======= ENV: production =======
2023-06-23 15:20:29 info: 🚀 App listening on the port 5000
2023-06-23 15:20:29 info: =================================
2023-06-23 15:21:17 info: =================================
2023-06-23 15:21:17 info: ======= ENV: production =======
2023-06-23 15:21:17 info: 🚀 App listening on the port 5000
2023-06-23 15:21:17 info: =================================
2023-06-23 15:23:55 info: =================================
2023-06-23 15:23:55 info: ======= ENV: production =======
2023-06-23 15:23:55 info: 🚀 App listening on the port 5000
2023-06-23 15:23:55 info: =================================
2023-06-23 15:23:57 info: =================================
2023-06-23 15:23:57 info: ======= ENV: production =======
2023-06-23 15:23:57 info: 🚀 App listening on the port 5000
2023-06-23 15:23:57 info: =================================
2023-06-23 15:24:17 info: =================================
2023-06-23 15:24:17 info: ======= ENV: production =======
2023-06-23 15:24:17 info: 🚀 App listening on the port 5000
2023-06-23 15:24:17 info: =================================
2023-06-23 15:24:42 info: =================================
2023-06-23 15:24:42 info: ======= ENV: production =======
2023-06-23 15:24:42 info: 🚀 App listening on the port 5000
2023-06-23 15:24:42 info: =================================
2023-06-23 15:29:20 info: =================================
2023-06-23 15:29:20 info: ======= ENV: production =======
2023-06-23 15:29:20 info: 🚀 App listening on the port 5000
2023-06-23 15:29:20 info: =================================
2023-06-23 15:36:25 info: =================================
2023-06-23 15:36:25 info: ======= ENV: production =======
2023-06-23 15:36:25 info: 🚀 App listening on the port 5000
2023-06-23 15:36:25 info: =================================
2023-06-23 15:36:28 info: =================================
2023-06-23 15:36:28 info: ======= ENV: production =======
2023-06-23 15:36:28 info: 🚀 App listening on the port 5000
2023-06-23 15:36:28 info: =================================
2023-06-23 15:38:37 info: =================================
2023-06-23 15:38:37 info: ======= ENV: production =======
2023-06-23 15:38:37 info: 🚀 App listening on the port 5000
2023-06-23 15:38:37 info: =================================
2023-06-23 15:40:04 info: =================================
2023-06-23 15:40:04 info: ======= ENV: production =======
2023-06-23 15:40:04 info: 🚀 App listening on the port 5000
2023-06-23 15:40:04 info: =================================
2023-06-23 15:40:16 info: =================================
2023-06-23 15:40:16 info: ======= ENV: production =======
2023-06-23 15:40:16 info: 🚀 App listening on the port 5000
2023-06-23 15:40:16 info: =================================
2023-06-23 15:49:35 info: =================================
2023-06-23 15:49:35 info: ======= ENV: production =======
2023-06-23 15:49:35 info: 🚀 App listening on the port 5000
2023-06-23 15:49:35 info: =================================
2023-06-23 15:51:08 info: =================================
2023-06-23 15:51:08 info: ======= ENV: production =======
2023-06-23 15:51:08 info: 🚀 App listening on the port 5000
2023-06-23 15:51:08 info: =================================
2023-06-23 15:51:09 info: =================================
2023-06-23 15:51:09 info: ======= ENV: production =======
2023-06-23 15:51:09 info: 🚀 App listening on the port 5000
2023-06-23 15:51:09 info: =================================
2023-06-23 15:52:22 info: =================================
2023-06-23 15:52:22 info: ======= ENV: production =======
2023-06-23 15:52:22 info: 🚀 App listening on the port 5000
2023-06-23 15:52:22 info: =================================
2023-06-23 15:52:30 info: =================================
2023-06-23 15:52:30 info: ======= ENV: production =======
2023-06-23 15:52:30 info: 🚀 App listening on the port 5000
2023-06-23 15:52:30 info: =================================
2023-06-23 15:52:35 info: =================================
2023-06-23 15:52:35 info: ======= ENV: production =======
2023-06-23 15:52:35 info: 🚀 App listening on the port 5000
2023-06-23 15:52:35 info: =================================
2023-06-23 15:53:15 info: =================================
2023-06-23 15:53:15 info: ======= ENV: production =======
2023-06-23 15:53:15 info: 🚀 App listening on the port 5000
2023-06-23 15:53:15 info: =================================
2023-06-23 15:54:00 info: =================================
2023-06-23 15:54:00 info: ======= ENV: production =======
2023-06-23 15:54:00 info: 🚀 App listening on the port 5000
2023-06-23 15:54:00 info: =================================
2023-06-23 15:54:05 info: =================================
2023-06-23 15:54:05 info: ======= ENV: production =======
2023-06-23 15:54:05 info: 🚀 App listening on the port 5000
2023-06-23 15:54:05 info: =================================
2023-06-23 15:54:10 info: =================================
2023-06-23 15:54:10 info: ======= ENV: production =======
2023-06-23 15:54:10 info: 🚀 App listening on the port 5000
2023-06-23 15:54:10 info: =================================
2023-06-23 15:54:14 info: =================================
2023-06-23 15:54:14 info: ======= ENV: production =======
2023-06-23 15:54:14 info: 🚀 App listening on the port 5000
2023-06-23 15:54:14 info: =================================
2023-06-23 15:54:16 info: =================================
2023-06-23 15:54:16 info: ======= ENV: production =======
2023-06-23 15:54:16 info: 🚀 App listening on the port 5000
2023-06-23 15:54:16 info: =================================
2023-06-23 15:57:48 info: =================================
2023-06-23 15:57:48 info: ======= ENV: production =======
2023-06-23 15:57:48 info: 🚀 App listening on the port 5000
2023-06-23 15:57:48 info: =================================
2023-06-23 15:57:52 info: =================================
2023-06-23 15:57:52 info: ======= ENV: production =======
2023-06-23 15:57:52 info: 🚀 App listening on the port 5000
2023-06-23 15:57:52 info: =================================
2023-06-23 15:57:53 info: =================================
2023-06-23 15:57:53 info: ======= ENV: production =======
2023-06-23 15:57:53 info: 🚀 App listening on the port 5000
2023-06-23 15:57:53 info: =================================
2023-06-23 16:02:05 info: =================================
2023-06-23 16:02:05 info: ======= ENV: production =======
2023-06-23 16:02:05 info: 🚀 App listening on the port 5000
2023-06-23 16:02:05 info: =================================
2023-06-23 16:02:16 info: =================================
2023-06-23 16:02:16 info: ======= ENV: production =======
2023-06-23 16:02:16 info: 🚀 App listening on the port 5000
2023-06-23 16:02:16 info: =================================
2023-06-23 16:02:19 info: =================================
2023-06-23 16:02:19 info: ======= ENV: production =======
2023-06-23 16:02:19 info: 🚀 App listening on the port 5000
2023-06-23 16:02:19 info: =================================
2023-06-23 16:02:23 info: =================================
2023-06-23 16:02:23 info: ======= ENV: production =======
2023-06-23 16:02:23 info: 🚀 App listening on the port 5000
2023-06-23 16:02:23 info: =================================
2023-06-23 16:02:24 info: =================================
2023-06-23 16:02:24 info: ======= ENV: production =======
2023-06-23 16:02:24 info: 🚀 App listening on the port 5000
2023-06-23 16:02:24 info: =================================
2023-06-23 16:02:30 info: =================================
2023-06-23 16:02:30 info: ======= ENV: production =======
2023-06-23 16:02:30 info: 🚀 App listening on the port 5000
2023-06-23 16:02:30 info: =================================
2023-06-23 16:02:47 info: [0mPOST /api/v1/createtodo [0m-[0m - ms - -[0m
2023-06-23 16:03:08 info: =================================
2023-06-23 16:03:08 info: ======= ENV: production =======
2023-06-23 16:03:08 info: 🚀 App listening on the port 5000
2023-06-23 16:03:08 info: =================================
2023-06-23 16:03:10 info: =================================
2023-06-23 16:03:10 info: ======= ENV: production =======
2023-06-23 16:03:10 info: 🚀 App listening on the port 5000
2023-06-23 16:03:10 info: =================================
2023-06-23 16:03:12 info: =================================
2023-06-23 16:03:12 info: ======= ENV: production =======
2023-06-23 16:03:12 info: 🚀 App listening on the port 5000
2023-06-23 16:03:12 info: =================================
2023-06-23 16:03:16 info: =================================
2023-06-23 16:03:16 info: ======= ENV: production =======
2023-06-23 16:03:16 info: 🚀 App listening on the port 5000
2023-06-23 16:03:16 info: =================================
2023-06-23 16:03:18 info: =================================
2023-06-23 16:03:18 info: ======= ENV: production =======
2023-06-23 16:03:18 info: 🚀 App listening on the port 5000
2023-06-23 16:03:18 info: =================================
2023-06-23 16:03:20 info: =================================
2023-06-23 16:03:20 info: ======= ENV: production =======
2023-06-23 16:03:20 info: 🚀 App listening on the port 5000
2023-06-23 16:03:20 info: =================================
2023-06-23 16:03:41 info: =================================
2023-06-23 16:03:41 info: ======= ENV: production =======
2023-06-23 16:03:41 info: 🚀 App listening on the port 5000
2023-06-23 16:03:41 info: =================================
2023-06-23 16:20:32 info: =================================
2023-06-23 16:20:32 info: ======= ENV: production =======
2023-06-23 16:20:32 info: 🚀 App listening on the port 5000
2023-06-23 16:20:32 info: =================================
2023-06-23 16:20:38 info: =================================
2023-06-23 16:20:38 info: ======= ENV: production =======
2023-06-23 16:20:38 info: 🚀 App listening on the port 5000
2023-06-23 16:20:38 info: =================================
2023-06-23 16:20:53 info: =================================
2023-06-23 16:20:53 info: ======= ENV: production =======
2023-06-23 16:20:53 info: 🚀 App listening on the port 5000
2023-06-23 16:20:53 info: =================================
2023-06-23 16:20:55 info: =================================
2023-06-23 16:20:55 info: ======= ENV: production =======
2023-06-23 16:20:55 info: 🚀 App listening on the port 5000
2023-06-23 16:20:55 info: =================================
2023-06-23 16:20:58 info: =================================
2023-06-23 16:20:58 info: ======= ENV: production =======
2023-06-23 16:20:58 info: 🚀 App listening on the port 5000
2023-06-23 16:20:58 info: =================================
2023-06-23 16:21:04 info: =================================
2023-06-23 16:21:04 info: ======= ENV: production =======
2023-06-23 16:21:04 info: 🚀 App listening on the port 5000
2023-06-23 16:21:04 info: =================================
2023-06-23 16:21:18 info: [0mPOST /api/v1/createtodo [0m-[0m - ms - -[0m
2023-06-23 16:26:38 info: =================================
2023-06-23 16:26:38 info: ======= ENV: production =======
2023-06-23 16:26:38 info: 🚀 App listening on the port 5000
2023-06-23 16:26:38 info: =================================
2023-06-23 16:27:02 info: =================================
2023-06-23 16:27:02 info: ======= ENV: production =======
2023-06-23 16:27:02 info: 🚀 App listening on the port 5000
2023-06-23 16:27:02 info: =================================
2023-06-23 16:27:04 info: =================================
2023-06-23 16:27:04 info: ======= ENV: production =======
2023-06-23 16:27:04 info: 🚀 App listening on the port 5000
2023-06-23 16:27:04 info: =================================
2023-06-23 16:35:38 info: =================================
2023-06-23 16:35:38 info: ======= ENV: production =======
2023-06-23 16:35:38 info: 🚀 App listening on the port 5000
2023-06-23 16:35:38 info: =================================
2023-06-23 16:35:52 info: =================================
2023-06-23 16:35:52 info: ======= ENV: production =======
2023-06-23 16:35:52 info: 🚀 App listening on the port 5000
2023-06-23 16:35:52 info: =================================
2023-06-23 16:36:00 info: =================================
2023-06-23 16:36:00 info: ======= ENV: production =======
2023-06-23 16:36:00 info: 🚀 App listening on the port 5000
2023-06-23 16:36:00 info: =================================
2023-06-23 16:36:15 info: =================================
2023-06-23 16:36:15 info: ======= ENV: production =======
2023-06-23 16:36:15 info: 🚀 App listening on the port 5000
2023-06-23 16:36:15 info: =================================
2023-06-23 16:36:20 info: =================================
2023-06-23 16:36:20 info: ======= ENV: production =======
2023-06-23 16:36:20 info: 🚀 App listening on the port 5000
2023-06-23 16:36:20 info: =================================
2023-06-23 16:36:24 info: =================================
2023-06-23 16:36:25 info: ======= ENV: production =======
2023-06-23 16:36:25 info: 🚀 App listening on the port 5000
2023-06-23 16:36:25 info: =================================
2023-06-23 16:36:40 info: =================================
2023-06-23 16:36:40 info: ======= ENV: production =======
2023-06-23 16:36:40 info: 🚀 App listening on the port 5000
2023-06-23 16:36:40 info: =================================
2023-06-23 16:36:50 info: [0mPOST /api/v1/createtodo [32m200[0m 25.030 ms - -[0m
2023-06-23 16:37:28 info: =================================
2023-06-23 16:37:28 info: ======= ENV: production =======
2023-06-23 16:37:28 info: 🚀 App listening on the port 5000
2023-06-23 16:37:28 info: =================================
2023-06-23 16:37:36 info: =================================
2023-06-23 16:37:36 info: ======= ENV: production =======
2023-06-23 16:37:36 info: 🚀 App listening on the port 5000
2023-06-23 16:37:36 info: =================================
2023-06-23 16:38:21 info: =================================
2023-06-23 16:38:21 info: ======= ENV: production =======
2023-06-23 16:38:21 info: 🚀 App listening on the port 5000
2023-06-23 16:38:21 info: =================================
2023-06-23 16:38:36 info: =================================
2023-06-23 16:38:36 info: ======= ENV: production =======
2023-06-23 16:38:36 info: 🚀 App listening on the port 5000
2023-06-23 16:38:36 info: =================================
2023-06-23 16:38:39 info: =================================
2023-06-23 16:38:39 info: ======= ENV: production =======
2023-06-23 16:38:39 info: 🚀 App listening on the port 5000
2023-06-23 16:38:39 info: =================================
2023-06-23 16:38:43 info: [0mPOST /api/v1/createtodo [32m200[0m 28.046 ms - -[0m
2023-06-23 16:39:00 info: =================================
2023-06-23 16:39:00 info: ======= ENV: production =======
2023-06-23 16:39:00 info: 🚀 App listening on the port 5000
2023-06-23 16:39:00 info: =================================
2023-06-23 16:39:18 info: =================================
2023-06-23 16:39:18 info: ======= ENV: production =======
2023-06-23 16:39:18 info: 🚀 App listening on the port 5000
2023-06-23 16:39:18 info: =================================
2023-06-23 16:40:25 info: =================================
2023-06-23 16:40:25 info: ======= ENV: production =======
2023-06-23 16:40:25 info: 🚀 App listening on the port 5000
2023-06-23 16:40:25 info: =================================
2023-06-23 16:40:47 info: =================================
2023-06-23 16:40:47 info: ======= ENV: production =======
2023-06-23 16:40:47 info: 🚀 App listening on the port 5000
2023-06-23 16:40:47 info: =================================
2023-06-23 16:40:51 info: =================================
2023-06-23 16:40:51 info: ======= ENV: production =======
2023-06-23 16:40:51 info: 🚀 App listening on the port 5000
2023-06-23 16:40:51 info: =================================
2023-06-23 16:41:03 info: =================================
2023-06-23 16:41:03 info: ======= ENV: production =======
2023-06-23 16:41:03 info: 🚀 App listening on the port 5000
2023-06-23 16:41:03 info: =================================
2023-06-23 16:41:05 info: =================================
2023-06-23 16:41:05 info: ======= ENV: production =======
2023-06-23 16:41:05 info: 🚀 App listening on the port 5000
2023-06-23 16:41:05 info: =================================
2023-06-23 16:41:20 info: [0mPOST /api/v1/createtodo [32m200[0m 43.922 ms - 21[0m
2023-06-23 16:41:38 info: =================================
2023-06-23 16:41:38 info: ======= ENV: production =======
2023-06-23 16:41:38 info: 🚀 App listening on the port 5000
2023-06-23 16:41:38 info: =================================
2023-06-23 16:41:40 info: =================================
2023-06-23 16:41:40 info: ======= ENV: production =======
2023-06-23 16:41:40 info: 🚀 App listening on the port 5000
2023-06-23 16:41:40 info: =================================
2023-06-23 16:41:43 info: =================================
2023-06-23 16:41:43 info: ======= ENV: production =======
2023-06-23 16:41:43 info: 🚀 App listening on the port 5000
2023-06-23 16:41:43 info: =================================
2023-06-23 16:41:46 info: =================================
2023-06-23 16:41:46 info: ======= ENV: production =======
2023-06-23 16:41:46 info: 🚀 App listening on the port 5000
2023-06-23 16:41:46 info: =================================
2023-06-23 17:00:20 info: =================================
2023-06-23 17:00:20 info: ======= ENV: production =======
2023-06-23 17:00:20 info: 🚀 App listening on the port 5000
2023-06-23 17:00:20 info: =================================
2023-06-23 17:00:27 info: =================================
2023-06-23 17:00:27 info: ======= ENV: production =======
2023-06-23 17:00:27 info: 🚀 App listening on the port 5000
2023-06-23 17:00:27 info: =================================
2023-06-23 17:01:32 info: =================================
2023-06-23 17:01:32 info: ======= ENV: production =======
2023-06-23 17:01:32 info: 🚀 App listening on the port 5000
2023-06-23 17:01:32 info: =================================
2023-06-23 17:01:38 info: =================================
2023-06-23 17:01:38 info: ======= ENV: production =======
2023-06-23 17:01:38 info: 🚀 App listening on the port 5000
2023-06-23 17:01:38 info: =================================
2023-06-23 17:01:51 info: [0mPOST /api/v1/createtodo [0m-[0m - ms - -[0m
2023-06-23 17:02:01 info: =================================
2023-06-23 17:02:01 info: ======= ENV: production =======
2023-06-23 17:02:01 info: 🚀 App listening on the port 5000
2023-06-23 17:02:01 info: =================================
2023-06-23 17:02:32 info: =================================
2023-06-23 17:02:32 info: ======= ENV: production =======
2023-06-23 17:02:32 info: 🚀 App listening on the port 5000
2023-06-23 17:02:32 info: =================================
2023-06-23 17:03:10 info: =================================
2023-06-23 17:03:10 info: ======= ENV: production =======
2023-06-23 17:03:10 info: 🚀 App listening on the port 5000
2023-06-23 17:03:10 info: =================================
2023-06-23 17:03:14 info: =================================
2023-06-23 17:03:14 info: ======= ENV: production =======
2023-06-23 17:03:14 info: 🚀 App listening on the port 5000
2023-06-23 17:03:14 info: =================================
2023-06-23 17:03:20 info: =================================
2023-06-23 17:03:20 info: ======= ENV: production =======
2023-06-23 17:03:20 info: 🚀 App listening on the port 5000
2023-06-23 17:03:20 info: =================================
2023-06-23 17:03:21 info: =================================
2023-06-23 17:03:21 info: ======= ENV: production =======
2023-06-23 17:03:21 info: 🚀 App listening on the port 5000
2023-06-23 17:03:21 info: =================================
2023-06-23 17:03:28 info: =================================
2023-06-23 17:03:28 info: ======= ENV: production =======
2023-06-23 17:03:28 info: 🚀 App listening on the port 5000
2023-06-23 17:03:28 info: =================================
2023-06-23 17:03:29 info: =================================
2023-06-23 17:03:29 info: ======= ENV: production =======
2023-06-23 17:03:29 info: 🚀 App listening on the port 5000
2023-06-23 17:03:29 info: =================================
2023-06-23 17:03:43 info: [0mGET /api/v1/createtodo [33m404[0m 16.497 ms - 156[0m
2023-06-23 17:04:01 info: [0mPUT /api/v1/createtodo [33m404[0m 2.125 ms - 156[0m
2023-06-23 17:04:14 error: [POST] /api/v1/createtodo >> StatusCode:: 400, Message:: Unexpected token } in JSON at position 111
2023-06-23 17:04:14 info: [0mPOST /api/v1/createtodo [33m400[0m 8.020 ms - 56[0m
2023-06-23 17:04:33 error: [POST] /api/v1/createtodo >> StatusCode:: 400, Message:: title should not be empty,title must be a string
2023-06-23 17:04:33 info: [0mPOST /api/v1/createtodo [33m400[0m 6.688 ms - 62[0m
2023-06-23 17:04:55 info: [0mPOST /api/v1/createtodo [32m200[0m 5.050 ms - 34[0m
2023-06-23 17:05:17 info: =================================
2023-06-23 17:05:17 info: ======= ENV: production =======
2023-06-23 17:05:17 info: 🚀 App listening on the port 5000
2023-06-23 17:05:17 info: =================================
2023-06-23 17:05:19 info: =================================
2023-06-23 17:05:19 info: ======= ENV: production =======
2023-06-23 17:05:19 info: 🚀 App listening on the port 5000
2023-06-23 17:05:19 info: =================================
2023-06-23 17:05:25 info: [0mPOST /api/v1/createtodo [32m200[0m 29.082 ms - 34[0m
2023-06-23 17:05:43 info: =================================
2023-06-23 17:05:43 info: ======= ENV: production =======
2023-06-23 17:05:43 info: 🚀 App listening on the port 5000
2023-06-23 17:05:43 info: =================================
2023-06-23 17:05:48 info: [0mPOST /api/v1/createtodo [32m200[0m 27.769 ms - 34[0m
2023-06-23 17:07:39 info: =================================
2023-06-23 17:07:39 info: ======= ENV: production =======
2023-06-23 17:07:39 info: 🚀 App listening on the port 5000
2023-06-23 17:07:39 info: =================================
2023-06-23 17:08:08 info: =================================
2023-06-23 17:08:08 info: ======= ENV: production =======
2023-06-23 17:08:08 info: 🚀 App listening on the port 5000
2023-06-23 17:08:08 info: =================================
2023-06-23 17:08:11 info: =================================
2023-06-23 17:08:11 info: ======= ENV: production =======
2023-06-23 17:08:11 info: 🚀 App listening on the port 5000
2023-06-23 17:08:11 info: =================================
2023-06-23 17:08:14 info: =================================
2023-06-23 17:08:14 info: ======= ENV: production =======
2023-06-23 17:08:14 info: 🚀 App listening on the port 5000
2023-06-23 17:08:14 info: =================================
2023-06-23 17:08:20 info: =================================
2023-06-23 17:08:20 info: ======= ENV: production =======
2023-06-23 17:08:20 info: 🚀 App listening on the port 5000
2023-06-23 17:08:20 info: =================================
2023-06-23 17:08:23 info: =================================
2023-06-23 17:08:23 info: ======= ENV: production =======
2023-06-23 17:08:23 info: 🚀 App listening on the port 5000
2023-06-23 17:08:23 info: =================================
2023-06-23 17:08:25 info: =================================
2023-06-23 17:08:25 info: ======= ENV: production =======
2023-06-23 17:08:25 info: 🚀 App listening on the port 5000
2023-06-23 17:08:25 info: =================================
2023-06-23 17:08:28 info: =================================
2023-06-23 17:08:28 info: ======= ENV: production =======
2023-06-23 17:08:28 info: 🚀 App listening on the port 5000
2023-06-23 17:08:28 info: =================================
2023-06-23 17:08:34 info: =================================
2023-06-23 17:08:34 info: ======= ENV: production =======
2023-06-23 17:08:34 info: 🚀 App listening on the port 5000
2023-06-23 17:08:34 info: =================================
2023-06-23 17:08:43 info: =================================
2023-06-23 17:08:43 info: ======= ENV: production =======
2023-06-23 17:08:43 info: 🚀 App listening on the port 5000
2023-06-23 17:08:43 info: =================================
2023-06-23 17:08:48 info: =================================
2023-06-23 17:08:48 info: ======= ENV: production =======
2023-06-23 17:08:48 info: 🚀 App listening on the port 5000
2023-06-23 17:08:48 info: =================================
2023-06-23 17:08:55 info: =================================
2023-06-23 17:08:55 info: ======= ENV: production =======
2023-06-23 17:08:55 info: 🚀 App listening on the port 5000
2023-06-23 17:08:55 info: =================================
2023-06-23 17:09:14 info: =================================
2023-06-23 17:09:14 info: ======= ENV: production =======
2023-06-23 17:09:14 info: 🚀 App listening on the port 5000
2023-06-23 17:09:14 info: =================================
2023-06-23 17:09:19 info: =================================
2023-06-23 17:09:19 info: ======= ENV: production =======
2023-06-23 17:09:19 info: 🚀 App listening on the port 5000
2023-06-23 17:09:19 info: =================================
2023-06-23 17:09:28 info: =================================
2023-06-23 17:09:28 info: ======= ENV: production =======
2023-06-23 17:09:28 info: 🚀 App listening on the port 5000
2023-06-23 17:09:28 info: =================================
2023-06-23 17:09:32 info: =================================
2023-06-23 17:09:32 info: ======= ENV: production =======
2023-06-23 17:09:32 info: 🚀 App listening on the port 5000
2023-06-23 17:09:32 info: =================================
2023-06-23 17:09:43 info: =================================
2023-06-23 17:09:43 info: ======= ENV: production =======
2023-06-23 17:09:43 info: 🚀 App listening on the port 5000
2023-06-23 17:09:43 info: =================================
2023-06-23 17:10:17 info: [0mGET /api/v1/get_todo [32m200[0m 21.272 ms - 34[0m
2023-06-23 17:10:39 info: =================================
2023-06-23 17:10:39 info: ======= ENV: production =======
2023-06-23 17:10:39 info: 🚀 App listening on the port 5000
2023-06-23 17:10:39 info: =================================
2023-06-23 17:20:09 info: [0mGET /api/v1/get_todo [32m200[0m 24.330 ms - 35[0m
2023-06-23 17:20:27 info: [0mGET /api/v1/get_todo [32m200[0m 1.649 ms - 35[0m
2023-06-23 17:20:28 info: [0mGET /favicon.ico [33m404[0m 2.408 ms - 150[0m
2023-06-23 18:00:37 info: =================================
2023-06-23 18:00:37 info: ======= ENV: production =======
2023-06-23 18:00:37 info: 🚀 App listening on the port 5000
2023-06-23 18:00:37 info: =================================
2023-06-23 18:13:23 info: =================================
2023-06-23 18:13:23 info: ======= ENV: production =======
2023-06-23 18:13:23 info: 🚀 App listening on the port 5000
2023-06-23 18:13:23 info: =================================
2023-06-23 18:15:39 info: =================================
2023-06-23 18:15:39 info: ======= ENV: production =======
2023-06-23 18:15:39 info: 🚀 App listening on the port 5000
2023-06-23 18:15:39 info: =================================
